TN:
SF:src/RewardsDistributor.sol
FN:44,RewardsDistributor.initialize
FNDA:32,RewardsDistributor.initialize
DA:45,32
DA:47,32
DA:48,32
DA:49,32
DA:50,32
DA:52,32
FN:55,RewardsDistributor.processRewards
FNDA:2,RewardsDistributor.processRewards
DA:60,2
DA:62,2
DA:63,2
DA:66,2
DA:69,2
DA:70,2
DA:72,2
DA:73,2
BRDA:73,0,0,-
BRDA:73,0,1,2
DA:74,2
DA:78,2
BRDA:78,1,0,-
BRDA:78,1,1,2
DA:79,2
DA:81,2
DA:82,2
BRDA:82,2,0,-
BRDA:82,2,1,2
FN:99,RewardsDistributor.setFeesReceiver
FNDA:0,RewardsDistributor.setFeesReceiver
DA:104,0
DA:105,0
FNF:3
FNH:2
LF:21
LH:19
BRF:6
BRH:3
end_of_record
TN:
SF:src/RewardsReceiver.sol
FN:29,RewardsReceiver.initialize
FNDA:32,RewardsReceiver.initialize
DA:30,32
DA:32,32
DA:33,32
DA:34,32
FN:39,RewardsReceiver.transfer
FNDA:2,RewardsReceiver.transfer
DA:40,2
BRDA:40,0,0,-
BRDA:40,0,1,2
DA:41,2
DA:42,2
BRDA:42,1,0,-
BRDA:42,1,1,2
FN:47,RewardsReceiver.transferERC20
FNDA:0,RewardsReceiver.transferERC20
DA:48,0
FNF:3
FNH:2
LF:8
LH:7
BRF:4
BRH:2
end_of_record
TN:
SF:src/StakingNode.sol
FN:65,StakingNode.initialize
FNDA:10,StakingNode.initialize
DA:66,10
BRDA:66,0,0,-
BRDA:66,0,1,10
DA:67,10
BRDA:67,1,0,-
BRDA:67,1,1,10
DA:69,10
DA:70,10
DA:71,10
FN:78,StakingNode.createEigenPod
FNDA:10,StakingNode.createEigenPod
DA:79,10
BRDA:79,2,0,-
BRDA:79,2,1,10
DA:81,10
DA:82,10
DA:83,10
DA:84,10
DA:86,10
FN:99,StakingNode.withdrawBeforeRestaking
FNDA:3,StakingNode.withdrawBeforeRestaking
DA:100,3
FN:107,StakingNode.claimDelayedWithdrawals
FNDA:3,StakingNode.claimDelayedWithdrawals
DA:112,3
DA:113,3
BRDA:113,3,0,-
BRDA:113,3,1,3
DA:114,3
FN:122,StakingNode.delegate
FNDA:0,StakingNode.delegate
DA:124,0
DA:126,0
DA:128,0
FN:133,StakingNode.verifyWithdrawalCredentials
FNDA:1,StakingNode.verifyWithdrawalCredentials
DA:140,1
BRDA:140,4,0,-
BRDA:140,4,1,1
DA:141,1
BRDA:141,5,0,-
BRDA:141,5,1,1
DA:142,1
BRDA:142,6,0,-
BRDA:142,6,1,1
DA:144,1
DA:145,1
DA:153,0
DA:155,0
FN:174,StakingNode.startWithdrawal
FNDA:1,StakingNode.startWithdrawal
DA:178,1
DA:181,1
DA:182,1
DA:184,1
DA:186,1
DA:187,1
DA:189,1
DA:190,1
DA:192,1
DA:200,0
DA:202,0
FN:205,StakingNode.completeWithdrawal
FNDA:1,StakingNode.completeWithdrawal
DA:209,1
DA:210,1
DA:212,1
DA:213,1
DA:214,1
DA:215,1
DA:217,1
DA:230,1
DA:232,1
DA:240,0
DA:241,0
DA:243,0
FN:251,StakingNode.allocateStakedETH
FNDA:6,StakingNode.allocateStakedETH
DA:252,6
FN:255,StakingNode.getETHBalance
FNDA:11,StakingNode.getETHBalance
DA:259,11
DA:260,11
FN:267,StakingNode.implementation
FNDA:0,StakingNode.implementation
DA:268,0
DA:269,0
DA:271,0
DA:274,0
DA:275,0
FNF:11
FNH:9
LF:56
LH:41
BRF:14
BRH:7
end_of_record
TN:
SF:src/StakingNodeM2.sol
FN:33,StakingNodeM2.delegate
FNDA:0,StakingNodeM2.delegate
DA:35,0
DA:40,0
DA:41,0
DA:43,0
DA:45,0
FN:50,StakingNodeM2.verifyWithdrawalCredentials
FNDA:0,StakingNodeM2.verifyWithdrawalCredentials
DA:57,0
DA:65,0
DA:68,0
DA:70,0
FN:74,StakingNodeM2.verifyWithdrawalCredentials
FNDA:0,StakingNodeM2.verifyWithdrawalCredentials
DA:82,0
FN:100,StakingNodeM2.queueWithdrawals
FNDA:0,StakingNodeM2.queueWithdrawals
DA:102,0
DA:104,0
DA:105,0
DA:110,0
DA:111,0
DA:113,0
FN:116,StakingNodeM2.undelegate
FNDA:0,StakingNodeM2.undelegate
DA:118,0
DA:119,0
FN:122,StakingNodeM2.verifyAndProcessWithdrawals
FNDA:0,StakingNodeM2.verifyAndProcessWithdrawals
DA:131,0
FN:141,StakingNodeM2.completeWithdrawal
FNDA:0,StakingNodeM2.completeWithdrawal
DA:146,0
DA:148,0
DA:149,0
DA:151,0
DA:152,0
DA:154,0
DA:164,0
DA:166,0
DA:167,0
DA:171,0
DA:173,0
DA:174,0
DA:176,0
FNF:7
FNH:0
LF:32
LH:0
BRF:0
BRH:0
end_of_record
TN:
SF:src/StakingNodesManager.sol
FN:111,StakingNodesManager.initialize
FNDA:32,StakingNodesManager.initialize
DA:112,32
DA:113,32
DA:115,32
DA:116,32
DA:117,32
DA:118,32
DA:120,32
DA:121,32
DA:122,32
DA:123,32
DA:124,32
DA:125,32
DA:126,32
FN:142,StakingNodesManager.registerValidators
FNDA:5,StakingNodesManager.registerValidators
DA:147,5
BRDA:147,0,0,5
BRDA:147,0,1,5
DA:148,5
DA:153,5
BRDA:153,1,0,-
BRDA:153,1,1,-
DA:154,0
DA:155,0
BRDA:155,2,0,-
BRDA:155,2,1,-
DA:156,0
DA:160,5
DA:162,5
DA:163,5
DA:165,5
DA:166,5
DA:168,6
DA:169,6
BRDA:169,3,0,-
BRDA:169,3,1,6
DA:170,0
DA:172,6
DA:174,6
FN:185,StakingNodesManager.validateDepositDataAllocation
FNDA:0,StakingNodesManager.validateDepositDataAllocation
DA:186,5
DA:187,5
DA:188,5
DA:189,5
DA:190,5
DA:191,5
DA:192,5
DA:195,5
BRDA:195,4,0,5
BRDA:195,4,1,-
DA:196,5
DA:198,0
DA:200,0
DA:201,0
DA:202,0
DA:203,0
DA:204,0
DA:206,0
DA:208,0
DA:209,0
BRDA:209,5,0,-
BRDA:209,5,1,-
DA:210,0
FN:217,StakingNodesManager._registerValidator
FNDA:6,StakingNodesManager._registerValidator
DA:222,6
DA:223,6
DA:224,6
DA:225,6
BRDA:225,6,0,-
BRDA:225,6,1,6
DA:226,0
DA:230,6
DA:232,6
DA:235,6
DA:237,6
FN:245,StakingNodesManager.generateDepositRoot
FNDA:6,StakingNodesManager.generateDepositRoot
DA:251,6
FN:254,StakingNodesManager.getWithdrawalCredentials
FNDA:5,StakingNodesManager.getWithdrawalCredentials
DA:256,11
DA:257,11
FN:263,StakingNodesManager.generateWithdrawalCredentials
FNDA:0,StakingNodesManager.generateWithdrawalCredentials
DA:264,11
FN:272,StakingNodesManager.createStakingNode
FNDA:10,StakingNodesManager.createStakingNode
DA:274,10
BRDA:274,7,0,-
BRDA:274,7,1,10
DA:276,10
DA:277,10
DA:279,10
DA:281,10
DA:285,10
DA:287,10
DA:289,10
DA:291,10
FN:294,StakingNodesManager.registerStakingNodeImplementationContract
FNDA:33,StakingNodesManager.registerStakingNodeImplementationContract
DA:296,33
BRDA:296,8,0,-
BRDA:296,8,1,33
DA:298,33
BRDA:298,9,0,-
BRDA:298,9,1,32
DA:299,32
DA:301,1
DA:303,33
FN:308,StakingNodesManager.setMaxNodeCount
FNDA:0,StakingNodesManager.setMaxNodeCount
DA:309,0
DA:310,0
FN:317,StakingNodesManager.processWithdrawnETH
FNDA:3,StakingNodesManager.processWithdrawnETH
DA:318,3
BRDA:318,10,0,-
BRDA:318,10,1,3
DA:320,3
FN:327,StakingNodesManager.getAllValidators
FNDA:0,StakingNodesManager.getAllValidators
DA:328,0
FN:331,StakingNodesManager.getAllNodes
FNDA:262,StakingNodesManager.getAllNodes
DA:332,262
FN:335,StakingNodesManager.nodesLength
FNDA:0,StakingNodesManager.nodesLength
DA:336,0
FN:339,StakingNodesManager.isStakingNodesAdmin
FNDA:6,StakingNodesManager.isStakingNodesAdmin
DA:341,6
FNF:15
FNH:10
LF:83
LH:64
BRF:22
BRH:9
end_of_record
TN:
SF:src/WithdrawalRequestQueue.sol
FN:106,WithdrawalRequestQueue.initialize
FNDA:0,WithdrawalRequestQueue.initialize
DA:107,0
DA:109,0
DA:110,0
DA:111,0
DA:113,0
FN:119,WithdrawalRequestQueue.create
FNDA:0,WithdrawalRequestQueue.create
DA:124,0
DA:125,0
DA:126,0
DA:135,0
DA:137,0
DA:138,0
DA:141,0
FN:147,WithdrawalRequestQueue.claim
FNDA:0,WithdrawalRequestQueue.claim
DA:148,0
DA:150,0
BRDA:150,0,0,-
BRDA:150,0,1,-
DA:151,0
DA:154,0
BRDA:154,1,0,-
BRDA:154,1,1,-
DA:155,0
DA:158,0
BRDA:158,2,0,-
BRDA:158,2,1,-
DA:159,0
DA:162,0
BRDA:162,3,0,-
BRDA:162,3,1,-
DA:163,0
DA:166,0
DA:168,0
DA:180,0
FN:187,WithdrawalRequestQueue.allocateETH
FNDA:0,WithdrawalRequestQueue.allocateETH
DA:188,0
FN:192,WithdrawalRequestQueue.nextRequestId
FNDA:0,WithdrawalRequestQueue.nextRequestId
DA:193,0
FN:197,WithdrawalRequestQueue.requestByID
FNDA:0,WithdrawalRequestQueue.requestByID
DA:198,0
FN:203,WithdrawalRequestQueue.finalize
FNDA:0,WithdrawalRequestQueue.finalize
DA:204,0
FN:210,WithdrawalRequestQueue._isFinalized
FNDA:0,WithdrawalRequestQueue._isFinalized
DA:211,0
FN:227,WithdrawalRequestQueue.
FNDA:0,WithdrawalRequestQueue.
DA:228,0
FNF:9
FNH:0
LF:30
LH:0
BRF:8
BRH:0
end_of_record
TN:
SF:src/YieldNestOracle.sol
FN:29,YieldNestOracle.initialize
FNDA:32,YieldNestOracle.initialize
DA:30,32
DA:31,32
DA:32,32
DA:34,32
BRDA:34,0,0,-
BRDA:34,0,1,32
DA:35,32
DA:36,64
FN:41,YieldNestOracle.setAssetPriceFeed
FNDA:6,YieldNestOracle.setAssetPriceFeed
DA:42,70
FN:45,YieldNestOracle._setAssetPriceFeed
FNDA:70,YieldNestOracle._setAssetPriceFeed
DA:46,70
BRDA:46,1,0,3
BRDA:46,1,1,67
DA:47,67
BRDA:47,2,0,1
BRDA:47,2,1,66
DA:48,66
FN:51,YieldNestOracle.getLatestPrice
FNDA:22,YieldNestOracle.getLatestPrice
DA:52,22
DA:53,22
BRDA:53,3,0,1
BRDA:53,3,1,21
DA:55,21
DA:56,21
DA:57,21
BRDA:57,4,0,1
BRDA:57,4,1,20
DA:58,1
DA:61,20
FNF:4
FNH:4
LF:17
LH:17
BRF:10
BRH:9
end_of_record
TN:
SF:src/external/WETH.sol
FN:16,WETH.
FNDA:0,WETH.
DA:17,0
FN:24,WETH.deposit
FNDA:0,WETH.deposit
DA:25,0
DA:26,0
FN:29,WETH.withdraw
FNDA:0,WETH.withdraw
DA:30,0
BRDA:30,0,0,-
BRDA:30,0,1,-
DA:31,0
DA:32,0
DA:33,0
FN:36,WETH.totalSupply
FNDA:0,WETH.totalSupply
DA:37,0
FN:40,WETH.approve
FNDA:0,WETH.approve
DA:41,0
DA:42,0
DA:43,0
FN:46,WETH.transfer
FNDA:0,WETH.transfer
DA:47,0
FN:50,WETH.transferFrom
FNDA:0,WETH.transferFrom
DA:54,0
BRDA:54,1,0,-
BRDA:54,1,1,-
DA:56,0
BRDA:56,2,0,-
BRDA:56,2,1,-
DA:57,0
BRDA:57,3,0,-
BRDA:57,3,1,-
DA:58,0
DA:61,0
DA:62,0
DA:64,0
DA:66,0
FNF:7
FNH:0
LF:20
LH:0
BRF:8
BRH:0
end_of_record
TN:
SF:src/external/eigenlayer/BeaconChainProofs.sol
FN:29,BeaconChainProofs.getBalanceAtIndex
FNDA:0,BeaconChainProofs.getBalanceAtIndex
DA:30,0
DA:31,0
DA:32,0
FN:38,BeaconChainProofs.getWithdrawalTimestamp
FNDA:0,BeaconChainProofs.getWithdrawalTimestamp
DA:39,0
DA:40,0
FN:46,BeaconChainProofs.getWithdrawalEpoch
FNDA:0,BeaconChainProofs.getWithdrawalEpoch
DA:47,0
DA:48,0
FN:51,BeaconChainProofs.getEffectiveBalanceGwei
FNDA:0,BeaconChainProofs.getEffectiveBalanceGwei
DA:52,0
DA:53,0
FNF:4
FNH:0
LF:9
LH:0
BRF:0
BRH:0
end_of_record
TN:
SF:src/external/eigenlayer/Endian.sol
FN:11,Endian.fromLittleEndianUint64
FNDA:0,Endian.fromLittleEndianUint64
DA:13,0
DA:14,0
DA:15,0
FNF:1
FNH:0
LF:3
LH:0
BRF:0
BRH:0
end_of_record
TN:
SF:src/interfaces/eigenlayer-init-mainnet/BeaconChainProofs.sol
FN:139,BeaconChainProofs.getBalanceFromBalanceRoot
FNDA:0,BeaconChainProofs.getBalanceFromBalanceRoot
DA:140,0
DA:141,0
DA:142,0
DA:143,0
FN:153,BeaconChainProofs.verifyValidatorFields
FNDA:0,BeaconChainProofs.verifyValidatorFields
DA:160,0
BRDA:160,0,0,-
BRDA:160,0,1,-
DA:166,0
BRDA:166,1,0,-
BRDA:166,1,1,-
DA:167,0
DA:169,0
DA:172,0
BRDA:172,2,0,-
BRDA:172,2,1,-
FN:182,BeaconChainProofs.verifyValidatorBalance
FNDA:0,BeaconChainProofs.verifyValidatorBalance
DA:188,0
BRDA:188,3,0,-
BRDA:188,3,1,-
DA:194,0
DA:195,0
DA:197,0
BRDA:197,4,0,-
BRDA:197,4,1,-
FN:206,BeaconChainProofs.verifyWithdrawalProofs
FNDA:0,BeaconChainProofs.verifyWithdrawalProofs
DA:211,0
BRDA:211,5,0,-
BRDA:211,5,1,-
DA:213,0
BRDA:213,6,0,-
BRDA:213,6,1,-
DA:214,0
BRDA:214,7,0,-
BRDA:214,7,1,-
DA:217,0
BRDA:217,8,0,-
BRDA:217,8,1,-
DA:219,0
BRDA:219,9,0,-
BRDA:219,9,1,-
DA:221,0
BRDA:221,10,0,-
BRDA:221,10,1,-
DA:223,0
BRDA:223,11,0,-
BRDA:223,11,1,-
DA:225,0
BRDA:225,12,0,-
BRDA:225,12,1,-
DA:233,0
DA:235,0
BRDA:235,13,0,-
BRDA:235,13,1,-
DA:239,0
BRDA:239,14,0,-
BRDA:239,14,1,-
DA:242,0
DA:243,0
BRDA:243,15,0,-
BRDA:243,15,1,-
DA:247,0
BRDA:247,16,0,-
BRDA:247,16,1,-
DA:257,0
DA:258,0
DA:259,0
BRDA:259,17,0,-
BRDA:259,17,1,-
FNF:4
FNH:0
LF:30
LH:0
BRF:36
BRH:0
end_of_record
TN:
SF:src/interfaces/eigenlayer-init-mainnet/Endian.sol
FN:12,Endian.fromLittleEndianUint64
FNDA:0,Endian.fromLittleEndianUint64
DA:16,0
DA:17,0
DA:18,0
FNF:1
FNH:0
LF:3
LH:0
BRF:0
BRH:0
end_of_record
TN:
SF:src/interfaces/eigenlayer-init-mainnet/Merkle.sol
FN:29,Merkle.verifyInclusionKeccak
FNDA:0,Merkle.verifyInclusionKeccak
DA:35,0
FN:48,Merkle.processInclusionProofKeccak
FNDA:0,Merkle.processInclusionProofKeccak
DA:49,0
BRDA:49,0,0,-
BRDA:49,0,1,-
DA:50,0
DA:51,0
DA:52,0
BRDA:52,1,0,-
BRDA:52,1,1,-
DA:57,0
DA:58,0
DA:65,0
DA:66,0
DA:70,0
FN:81,Merkle.verifyInclusionSha256
FNDA:0,Merkle.verifyInclusionSha256
DA:87,0
FN:100,Merkle.processInclusionProofSha256
FNDA:0,Merkle.processInclusionProofSha256
DA:101,0
BRDA:101,2,0,-
BRDA:101,2,1,-
DA:102,0
DA:103,0
DA:104,0
BRDA:104,3,0,-
BRDA:104,3,1,-
DA:109,0
BRDA:109,4,0,-
DA:110,0
DA:117,0
BRDA:117,5,0,-
DA:118,0
DA:122,0
FN:131,Merkle.merkleizeSha256
FNDA:0,Merkle.merkleizeSha256
DA:135,0
DA:137,0
DA:139,0
DA:140,0
DA:143,0
DA:145,0
DA:147,0
DA:148,0
DA:151,0
DA:154,0
FNF:5
FNH:0
LF:30
LH:0
BRF:10
BRH:0
end_of_record
TN:
SF:src/libraries/DepositRootGenerator.sol
FN:7,depositRootGenerator.generateDepositRoot
FNDA:12,depositRootGenerator.generateDepositRoot
DA:14,12
DA:15,12
DA:17,12
DA:18,12
DA:24,12
DA:25,12
FN:35,depositRootGenerator.to_little_endian_64
FNDA:12,depositRootGenerator.to_little_endian_64
DA:38,12
DA:39,12
DA:41,12
DA:42,12
DA:43,12
DA:44,12
DA:45,12
DA:46,12
DA:47,12
DA:48,12
FNF:2
FNH:2
LF:16
LH:16
BRF:0
BRH:0
end_of_record
TN:
SF:src/mocks/MockDelayedWithdrawalRouter.sol
FN:7,MockDelayedWithdrawalRouter.createDelayedWithdrawal
FNDA:0,MockDelayedWithdrawalRouter.createDelayedWithdrawal
DA:8,0
FN:11,MockDelayedWithdrawalRouter.claimDelayedWithdrawals
FNDA:0,MockDelayedWithdrawalRouter.claimDelayedWithdrawals
DA:12,0
FN:15,MockDelayedWithdrawalRouter.claimDelayedWithdrawals
FNDA:0,MockDelayedWithdrawalRouter.claimDelayedWithdrawals
DA:16,0
FN:19,MockDelayedWithdrawalRouter.setWithdrawalDelayBlocks
FNDA:0,MockDelayedWithdrawalRouter.setWithdrawalDelayBlocks
DA:20,0
FN:23,MockDelayedWithdrawalRouter.userWithdrawals
FNDA:0,MockDelayedWithdrawalRouter.userWithdrawals
DA:24,0
FN:27,MockDelayedWithdrawalRouter.getUserDelayedWithdrawals
FNDA:0,MockDelayedWithdrawalRouter.getUserDelayedWithdrawals
DA:28,0
FN:31,MockDelayedWithdrawalRouter.getClaimableUserDelayedWithdrawals
FNDA:0,MockDelayedWithdrawalRouter.getClaimableUserDelayedWithdrawals
DA:32,0
FN:35,MockDelayedWithdrawalRouter.userDelayedWithdrawalByIndex
FNDA:0,MockDelayedWithdrawalRouter.userDelayedWithdrawalByIndex
DA:36,0
FN:39,MockDelayedWithdrawalRouter.userWithdrawalsLength
FNDA:0,MockDelayedWithdrawalRouter.userWithdrawalsLength
DA:40,0
FN:43,MockDelayedWithdrawalRouter.canClaimDelayedWithdrawal
FNDA:0,MockDelayedWithdrawalRouter.canClaimDelayedWithdrawal
DA:44,0
FN:47,MockDelayedWithdrawalRouter.withdrawalDelayBlocks
FNDA:0,MockDelayedWithdrawalRouter.withdrawalDelayBlocks
DA:48,0
FNF:11
FNH:0
LF:11
LH:0
BRF:0
BRH:0
end_of_record
TN:
SF:src/mocks/MockDelegationManager.sol
FN:6,MockDelegationManager.beaconChainETHStrategy
FNDA:0,MockDelegationManager.beaconChainETHStrategy
DA:7,0
FN:10,MockDelegationManager.registerAsOperator
FNDA:0,MockDelegationManager.registerAsOperator
DA:14,0
FN:17,MockDelegationManager.modifyOperatorDetails
FNDA:0,MockDelegationManager.modifyOperatorDetails
DA:18,0
FN:21,MockDelegationManager.updateOperatorMetadataURI
FNDA:0,MockDelegationManager.updateOperatorMetadataURI
DA:22,0
FN:25,MockDelegationManager.delegateTo
FNDA:0,MockDelegationManager.delegateTo
DA:30,0
FN:33,MockDelegationManager.delegateToBySignature
FNDA:0,MockDelegationManager.delegateToBySignature
DA:40,0
FN:43,MockDelegationManager.undelegate
FNDA:0,MockDelegationManager.undelegate
DA:44,0
FN:47,MockDelegationManager.queueWithdrawals
FNDA:0,MockDelegationManager.queueWithdrawals
DA:50,0
FN:53,MockDelegationManager.completeQueuedWithdrawal
FNDA:0,MockDelegationManager.completeQueuedWithdrawal
DA:59,0
FN:62,MockDelegationManager.completeQueuedWithdrawals
FNDA:0,MockDelegationManager.completeQueuedWithdrawals
DA:68,0
FN:71,MockDelegationManager.increaseDelegatedShares
FNDA:0,MockDelegationManager.increaseDelegatedShares
DA:76,0
FN:79,MockDelegationManager.decreaseDelegatedShares
FNDA:0,MockDelegationManager.decreaseDelegatedShares
DA:84,0
FN:87,MockDelegationManager.stakeRegistry
FNDA:0,MockDelegationManager.stakeRegistry
DA:88,0
FN:91,MockDelegationManager.delegatedTo
FNDA:0,MockDelegationManager.delegatedTo
DA:92,0
FN:95,MockDelegationManager.operatorDetails
FNDA:0,MockDelegationManager.operatorDetails
DA:96,0
FN:99,MockDelegationManager.earningsReceiver
FNDA:0,MockDelegationManager.earningsReceiver
DA:100,0
FN:103,MockDelegationManager.delegationApprover
FNDA:0,MockDelegationManager.delegationApprover
DA:104,0
FN:107,MockDelegationManager.stakerOptOutWindowBlocks
FNDA:0,MockDelegationManager.stakerOptOutWindowBlocks
DA:108,0
FN:111,MockDelegationManager.operatorShares
FNDA:0,MockDelegationManager.operatorShares
DA:112,0
FN:115,MockDelegationManager.isDelegated
FNDA:0,MockDelegationManager.isDelegated
DA:116,0
FN:119,MockDelegationManager.isOperator
FNDA:0,MockDelegationManager.isOperator
DA:120,0
FN:123,MockDelegationManager.stakerNonce
FNDA:0,MockDelegationManager.stakerNonce
DA:124,0
FN:127,MockDelegationManager.delegationApproverSaltIsSpent
FNDA:0,MockDelegationManager.delegationApproverSaltIsSpent
DA:128,0
FN:131,MockDelegationManager.calculateCurrentStakerDelegationDigestHash
FNDA:0,MockDelegationManager.calculateCurrentStakerDelegationDigestHash
DA:136,0
FN:139,MockDelegationManager.calculateStakerDelegationDigestHash
FNDA:0,MockDelegationManager.calculateStakerDelegationDigestHash
DA:145,0
FN:148,MockDelegationManager.calculateDelegationApprovalDigestHash
FNDA:0,MockDelegationManager.calculateDelegationApprovalDigestHash
DA:155,0
FN:158,MockDelegationManager.DOMAIN_TYPEHASH
FNDA:0,MockDelegationManager.DOMAIN_TYPEHASH
DA:159,0
FN:162,MockDelegationManager.STAKER_DELEGATION_TYPEHASH
FNDA:0,MockDelegationManager.STAKER_DELEGATION_TYPEHASH
DA:163,0
FN:166,MockDelegationManager.DELEGATION_APPROVAL_TYPEHASH
FNDA:0,MockDelegationManager.DELEGATION_APPROVAL_TYPEHASH
DA:167,0
FN:170,MockDelegationManager.domainSeparator
FNDA:0,MockDelegationManager.domainSeparator
DA:171,0
FN:174,MockDelegationManager.cumulativeWithdrawalsQueued
FNDA:0,MockDelegationManager.cumulativeWithdrawalsQueued
DA:175,0
FN:178,MockDelegationManager.calculateWithdrawalRoot
FNDA:0,MockDelegationManager.calculateWithdrawalRoot
DA:179,0
FN:182,MockDelegationManager.migrateQueuedWithdrawals
FNDA:0,MockDelegationManager.migrateQueuedWithdrawals
DA:183,0
FNF:33
FNH:0
LF:33
LH:0
BRF:0
BRH:0
end_of_record
TN:
SF:src/mocks/MockDepositContract.sol
FN:7,MockDepositContract.deposit
FNDA:0,MockDepositContract.deposit
FN:19,MockDepositContract.get_deposit_root
FNDA:0,MockDepositContract.get_deposit_root
DA:20,0
FN:25,MockDepositContract.get_deposit_count
FNDA:0,MockDepositContract.get_deposit_count
DA:26,0
FNF:3
FNH:0
LF:2
LH:0
BRF:0
BRH:0
end_of_record
TN:
SF:src/mocks/MockERC20.sol
FN:8,MockERC20.mint
FNDA:0,MockERC20.mint
DA:9,0
FN:12,MockERC20.decimals
FNDA:0,MockERC20.decimals
DA:13,0
FNF:2
FNH:0
LF:2
LH:0
BRF:0
BRH:0
end_of_record
TN:
SF:src/mocks/MockEigenPod.sol
FN:11,MockEigenPod.MAX_RESTAKED_BALANCE_GWEI_PER_VALIDATOR
FNDA:0,MockEigenPod.MAX_RESTAKED_BALANCE_GWEI_PER_VALIDATOR
FN:13,MockEigenPod.nonBeaconChainETHBalanceWei
FNDA:0,MockEigenPod.nonBeaconChainETHBalanceWei
FN:16,MockEigenPod.withdrawableRestakedExecutionLayerGwei
FNDA:0,MockEigenPod.withdrawableRestakedExecutionLayerGwei
FN:19,MockEigenPod.initialize
FNDA:0,MockEigenPod.initialize
DA:20,0
FN:24,MockEigenPod.stake
FNDA:0,MockEigenPod.stake
FN:32,MockEigenPod.withdrawRestakedBeaconChainETH
FNDA:0,MockEigenPod.withdrawRestakedBeaconChainETH
FN:35,MockEigenPod.eigenPodManager
FNDA:0,MockEigenPod.eigenPodManager
FN:38,MockEigenPod.podOwner
FNDA:0,MockEigenPod.podOwner
DA:39,0
FN:43,MockEigenPod.hasRestaked
FNDA:0,MockEigenPod.hasRestaked
FN:46,MockEigenPod.mostRecentWithdrawalTimestamp
FNDA:0,MockEigenPod.mostRecentWithdrawalTimestamp
FN:49,MockEigenPod.validatorPubkeyHashToInfo
FNDA:0,MockEigenPod.validatorPubkeyHashToInfo
FN:53,MockEigenPod.provenWithdrawal
FNDA:0,MockEigenPod.provenWithdrawal
FN:56,MockEigenPod.validatorStatus
FNDA:0,MockEigenPod.validatorStatus
FN:59,MockEigenPod.verifyWithdrawalCredentials
FNDA:0,MockEigenPod.verifyWithdrawalCredentials
FN:76,MockEigenPod.verifyAndProcessWithdrawals
FNDA:0,MockEigenPod.verifyAndProcessWithdrawals
FN:86,MockEigenPod.activateRestaking
FNDA:0,MockEigenPod.activateRestaking
FN:89,MockEigenPod.withdrawBeforeRestaking
FNDA:0,MockEigenPod.withdrawBeforeRestaking
FN:92,MockEigenPod.withdrawNonBeaconChainETHBalanceWei
FNDA:0,MockEigenPod.withdrawNonBeaconChainETHBalanceWei
FN:95,MockEigenPod.recoverTokens
FNDA:0,MockEigenPod.recoverTokens
FNF:19
FNH:0
LF:2
LH:0
BRF:0
BRH:0
end_of_record
TN:
SF:src/mocks/MockEigenPodManager.sol
FN:15,MockEigenPodManager.createPod
FNDA:0,MockEigenPodManager.createPod
DA:16,0
DA:17,0
DA:19,0
DA:20,0
FN:30,MockEigenPodManager.stake
FNDA:0,MockEigenPodManager.stake
DA:31,0
FN:42,MockEigenPodManager.recordBeaconChainETHBalanceUpdate
FNDA:0,MockEigenPodManager.recordBeaconChainETHBalanceUpdate
DA:43,0
FN:51,MockEigenPodManager.updateBeaconChainOracle
FNDA:0,MockEigenPodManager.updateBeaconChainOracle
DA:52,0
FN:56,MockEigenPodManager.ownerToPod
FNDA:0,MockEigenPodManager.ownerToPod
DA:57,0
FN:61,MockEigenPodManager.getPod
FNDA:0,MockEigenPodManager.getPod
DA:62,0
FN:66,MockEigenPodManager.ethPOS
FNDA:0,MockEigenPodManager.ethPOS
DA:67,0
FN:71,MockEigenPodManager.eigenPodBeacon
FNDA:0,MockEigenPodManager.eigenPodBeacon
DA:72,0
FN:76,MockEigenPodManager.beaconChainOracle
FNDA:0,MockEigenPodManager.beaconChainOracle
DA:77,0
FN:81,MockEigenPodManager.getBlockRootAtTimestamp
FNDA:0,MockEigenPodManager.getBlockRootAtTimestamp
DA:82,0
FN:86,MockEigenPodManager.strategyManager
FNDA:0,MockEigenPodManager.strategyManager
DA:87,0
FN:91,MockEigenPodManager.slasher
FNDA:0,MockEigenPodManager.slasher
DA:92,0
FN:96,MockEigenPodManager.hasPod
FNDA:0,MockEigenPodManager.hasPod
DA:97,0
FN:101,MockEigenPodManager.numPods
FNDA:0,MockEigenPodManager.numPods
DA:102,0
FN:106,MockEigenPodManager.maxPods
FNDA:0,MockEigenPodManager.maxPods
DA:107,0
FN:118,MockEigenPodManager.podOwnerShares
FNDA:0,MockEigenPodManager.podOwnerShares
DA:119,0
FN:123,MockEigenPodManager.beaconChainETHStrategy
FNDA:0,MockEigenPodManager.beaconChainETHStrategy
DA:124,0
FN:135,MockEigenPodManager.removeShares
FNDA:0,MockEigenPodManager.removeShares
DA:136,0
FN:146,MockEigenPodManager.addShares
FNDA:0,MockEigenPodManager.addShares
DA:147,0
FN:155,MockEigenPodManager.withdrawSharesAsTokens
FNDA:0,MockEigenPodManager.withdrawSharesAsTokens
DA:156,0
FN:161,MockEigenPodManager.pauserRegistry
FNDA:0,MockEigenPodManager.pauserRegistry
DA:162,0
FN:172,MockEigenPodManager.pause
FNDA:0,MockEigenPodManager.pause
DA:173,0
FN:179,MockEigenPodManager.pauseAll
FNDA:0,MockEigenPodManager.pauseAll
DA:180,0
FN:189,MockEigenPodManager.unpause
FNDA:0,MockEigenPodManager.unpause
DA:190,0
FN:194,MockEigenPodManager.paused
FNDA:0,MockEigenPodManager.paused
DA:195,0
FN:199,MockEigenPodManager.paused
FNDA:0,MockEigenPodManager.paused
DA:200,0
FN:204,MockEigenPodManager.setPauserRegistry
FNDA:0,MockEigenPodManager.setPauserRegistry
DA:205,0
FNF:27
FNH:0
LF:30
LH:0
BRF:0
BRH:0
end_of_record
TN:
SF:src/mocks/MockStakingNode.sol
FN:6,MockStakingNode.redundantFunction
FNDA:1,MockStakingNode.redundantFunction
DA:7,1
FNF:1
FNH:1
LF:1
LH:1
BRF:0
BRH:0
end_of_record
TN:
SF:src/mocks/MockStrategy.sol
FN:11,MockStrategy.setMultiplier
FNDA:4,MockStrategy.setMultiplier
DA:12,4
FN:15,MockStrategy.setToken
FNDA:0,MockStrategy.setToken
DA:16,0
FN:19,MockStrategy.deposit
FNDA:6,MockStrategy.deposit
DA:20,6
FN:23,MockStrategy.totalShares
FNDA:0,MockStrategy.totalShares
DA:24,0
FN:27,MockStrategy.withdraw
FNDA:0,MockStrategy.withdraw
FN:31,MockStrategy.sharesToUnderlying
FNDA:0,MockStrategy.sharesToUnderlying
DA:32,0
FN:35,MockStrategy.underlyingToShares
FNDA:0,MockStrategy.underlyingToShares
DA:36,0
FN:39,MockStrategy.userUnderlying
FNDA:0,MockStrategy.userUnderlying
DA:40,0
FN:43,MockStrategy.sharesToUnderlyingView
FNDA:0,MockStrategy.sharesToUnderlyingView
DA:44,0
FN:47,MockStrategy.underlyingToSharesView
FNDA:0,MockStrategy.underlyingToSharesView
DA:48,0
FN:50,MockStrategy.userUnderlyingView
FNDA:0,MockStrategy.userUnderlyingView
DA:51,0
FN:54,MockStrategy.underlyingToken
FNDA:0,MockStrategy.underlyingToken
DA:55,0
FN:58,MockStrategy.explanation
FNDA:0,MockStrategy.explanation
DA:59,0
FNF:13
FNH:2
LF:12
LH:2
BRF:0
BRH:0
end_of_record
TN:
SF:src/mocks/MockStrategyManager.sol
FN:11,MockStrategyManager.depositIntoStrategy
FNDA:0,MockStrategyManager.depositIntoStrategy
DA:12,0
FN:15,MockStrategyManager.depositIntoStrategyWithSignature
FNDA:0,MockStrategyManager.depositIntoStrategyWithSignature
DA:23,0
FN:26,MockStrategyManager.removeShares
FNDA:0,MockStrategyManager.removeShares
DA:27,0
FN:30,MockStrategyManager.addShares
FNDA:0,MockStrategyManager.addShares
DA:31,0
FN:34,MockStrategyManager.withdrawSharesAsTokens
FNDA:0,MockStrategyManager.withdrawSharesAsTokens
DA:35,0
FN:38,MockStrategyManager.stakerStrategyShares
FNDA:0,MockStrategyManager.stakerStrategyShares
DA:39,0
FN:42,MockStrategyManager.getDeposits
FNDA:0,MockStrategyManager.getDeposits
DA:43,0
FN:46,MockStrategyManager.stakerStrategyListLength
FNDA:0,MockStrategyManager.stakerStrategyListLength
DA:47,0
FN:50,MockStrategyManager.addStrategiesToDepositWhitelist
FNDA:0,MockStrategyManager.addStrategiesToDepositWhitelist
DA:51,0
FN:54,MockStrategyManager.removeStrategiesFromDepositWhitelist
FNDA:0,MockStrategyManager.removeStrategiesFromDepositWhitelist
DA:55,0
FN:58,MockStrategyManager.delegation
FNDA:0,MockStrategyManager.delegation
DA:59,0
FN:62,MockStrategyManager.slasher
FNDA:0,MockStrategyManager.slasher
DA:63,0
FN:66,MockStrategyManager.eigenPodManager
FNDA:0,MockStrategyManager.eigenPodManager
DA:67,0
FN:70,MockStrategyManager.strategyWhitelister
FNDA:0,MockStrategyManager.strategyWhitelister
DA:71,0
FN:74,MockStrategyManager.migrateQueuedWithdrawal
FNDA:0,MockStrategyManager.migrateQueuedWithdrawal
DA:75,0
FN:78,MockStrategyManager.calculateWithdrawalRoot
FNDA:0,MockStrategyManager.calculateWithdrawalRoot
DA:79,0
FNF:16
FNH:0
LF:16
LH:0
BRF:0
BRH:0
end_of_record
TN:
SF:src/mocks/MockStrategyManager_v2.sol
FN:11,MockStrategyManager.depositIntoStrategy
FNDA:4,MockStrategyManager.depositIntoStrategy
DA:18,4
DA:21,4
DA:26,4
DA:27,0
FN:34,MockStrategyManager.depositIntoStrategyWithSignature
FNDA:0,MockStrategyManager.depositIntoStrategyWithSignature
DA:42,0
FNF:2
FNH:1
LF:5
LH:3
BRF:0
BRH:0
end_of_record
TN:
SF:src/mocks/mainnet/MainnetEigenPodMock.sol
FN:85,MainnetEigenPodMock.verifyWithdrawalCredentialsAndBalance
FNDA:1,MainnetEigenPodMock.verifyWithdrawalCredentialsAndBalance
DA:94,1
DA:97,1
BRDA:97,0,0,-
BRDA:97,0,1,1
DA:98,0
DA:102,1
FN:105,MainnetEigenPodMock.sethasRestaked
FNDA:1,MainnetEigenPodMock.sethasRestaked
DA:106,1
FNF:2
FNH:2
LF:5
LH:4
BRF:2
BRH:1
end_of_record
TN:
SF:src/testnet/TestnetStakingNodesManager.sol
FN:9,TestnetStakingNodesManager.setDelegationManager
FNDA:0,TestnetStakingNodesManager.setDelegationManager
DA:10,0
FNF:1
FNH:0
LF:1
LH:0
BRF:0
BRH:0
end_of_record
TN:
SF:src/ynETH.sol
FN:79,ynETH.initialize
FNDA:32,ynETH.initialize
DA:80,32
DA:81,32
DA:83,32
DA:84,32
DA:85,32
DA:86,32
DA:87,32
FN:94,ynETH.depositETH
FNDA:269,ynETH.depositETH
DA:96,269
BRDA:96,0,0,2
BRDA:96,0,1,267
DA:97,2
DA:98,2
DA:102,267
BRDA:102,1,0,-
BRDA:102,1,1,267
DA:104,267
DA:106,267
DA:108,267
DA:110,267
DA:111,267
FN:118,ynETH._convertToShares
FNDA:527,ynETH._convertToShares
DA:121,527
BRDA:121,2,0,268
BRDA:121,2,1,259
DA:122,268
DA:130,259
FN:141,ynETH.previewDeposit
FNDA:260,ynETH.previewDeposit
DA:142,527
FN:145,ynETH.totalAssets
FNDA:3,ynETH.totalAssets
DA:146,262
DA:148,262
DA:150,262
DA:151,262
FN:154,ynETH.totalDepositedInValidators
FNDA:262,ynETH.totalDepositedInValidators
DA:155,262
DA:156,262
DA:157,262
DA:158,1
DA:160,262
FN:171,ynETH.receiveRewards
FNDA:2,ynETH.receiveRewards
DA:172,2
BRDA:172,3,0,-
BRDA:172,3,1,2
DA:173,2
FN:176,ynETH.withdrawETH
FNDA:5,ynETH.withdrawETH
DA:177,5
BRDA:177,4,0,-
BRDA:177,4,1,5
DA:179,5
DA:180,5
FN:183,ynETH.processWithdrawnETH
FNDA:3,ynETH.processWithdrawnETH
DA:184,3
FN:187,ynETH.setIsDepositETHPaused
FNDA:6,ynETH.setIsDepositETHPaused
DA:188,6
DA:189,6
FN:192,ynETH.setExchangeAdjustmentRate
FNDA:0,ynETH.setExchangeAdjustmentRate
DA:193,0
BRDA:193,5,0,-
BRDA:193,5,1,-
DA:194,0
DA:196,0
DA:197,0
FNF:11
FNH:10
LF:41
LH:37
BRF:12
BRH:7
end_of_record
TN:
SF:src/ynLSD.sol
FN:49,ynLSD.initialize
FNDA:32,ynLSD.initialize
DA:50,32
DA:51,32
DA:52,32
DA:54,32
DA:55,64
DA:56,64
DA:59,32
DA:60,32
DA:61,32
FN:71,ynLSD.totalAssets
FNDA:3,ynLSD.totalAssets
DA:72,5
DA:73,10
DA:74,10
DA:75,10
FN:85,ynLSD.convertToShares
FNDA:5,ynLSD.convertToShares
DA:86,5
DA:87,5
BRDA:87,0,0,-
BRDA:87,0,1,5
DA:88,5
DA:89,5
DA:90,5
FN:101,ynLSD.deposit
FNDA:12,ynLSD.deposit
DA:105,12
FN:128,ynLSD._deposit
FNDA:12,ynLSD._deposit
DA:134,12
BRDA:134,1,0,1
BRDA:134,1,1,11
DA:135,1
DA:138,11
DA:139,11
BRDA:139,2,0,1
BRDA:139,2,1,10
DA:140,1
DA:143,10
DA:145,7
BRDA:145,3,0,-
BRDA:145,3,1,7
DA:146,7
DA:149,7
DA:155,4
DA:158,4
DA:159,4
DA:162,4
DA:165,4
DA:167,4
FN:171,ynLSD._convertToShares
FNDA:9,ynLSD._convertToShares
DA:174,9
BRDA:174,4,0,7
BRDA:174,4,1,2
DA:175,7
DA:183,2
FN:193,ynLSD.setStrategyManager
FNDA:3,ynLSD.setStrategyManager
DA:194,3
BRDA:194,5,0,-
BRDA:194,5,1,3
DA:195,3
FN:198,ynLSD.setOracle
FNDA:1,ynLSD.setOracle
DA:199,1
BRDA:199,6,0,-
BRDA:199,6,1,1
DA:200,1
FN:203,ynLSD.setStrategies
FNDA:3,ynLSD.setStrategies
DA:204,3
BRDA:204,7,0,-
BRDA:204,7,1,3
DA:205,3
DA:206,6
BRDA:206,8,0,-
BRDA:206,8,1,6
DA:207,6
FNF:9
FNH:9
LF:45
LH:45
BRF:18
BRH:12
end_of_record
TN:
SF:src/ynViewer.sol
FN:15,ynViewer.getAllValidators
FNDA:0,ynViewer.getAllValidators
DA:16,0
FN:19,ynViewer.getAllStakingNodes
FNDA:0,ynViewer.getAllStakingNodes
DA:20,0
FNF:2
FNH:0
LF:2
LH:0
BRF:0
BRH:0
end_of_record
TN:
SF:test/foundry/ContractAddresses.sol
FN:62,ContractAddresses.getChainAddresses
FNDA:32,ContractAddresses.getChainAddresses
DA:63,32
FNF:1
FNH:1
LF:1
LH:1
BRF:0
BRH:0
end_of_record
TN:
SF:test/foundry/integration/IntegrationBaseTest.sol
FN:62,IntegrationBaseTest.setUp
FNDA:0,IntegrationBaseTest.setUp
DA:64,0
DA:65,0
DA:68,0
DA:70,0
DA:71,0
DA:74,0
DA:75,0
DA:76,0
DA:77,0
DA:78,0
DA:79,0
DA:81,0
DA:82,0
DA:83,0
DA:86,0
DA:87,0
DA:89,0
DA:90,0
DA:93,0
DA:101,0
DA:104,0
DA:105,0
DA:106,0
DA:107,0
DA:108,0
DA:109,0
DA:110,0
DA:112,0
DA:125,0
DA:127,0
DA:129,0
DA:135,0
DA:138,0
DA:142,0
DA:147,0
DA:148,0
DA:149,0
DA:150,0
DA:151,0
DA:154,0
DA:155,0
DA:156,0
DA:157,0
DA:158,0
DA:160,0
DA:169,0
DA:177,0
DA:178,0
FNF:1
FNH:0
LF:48
LH:0
BRF:0
BRH:0
end_of_record
